[debug] [2022-06-14T04:00:04.446Z] ----------------------------------------------------------------------
[debug] [2022-06-14T04:00:04.452Z] Command:       C:\Program Files\nodejs\node.exe C:\Users\USER\AppData\Roaming\npm\node_modules\firebase-tools\lib\bin\firebase.js init
[debug] [2022-06-14T04:00:04.453Z] CLI Version:   10.9.2
[debug] [2022-06-14T04:00:04.453Z] Platform:      win32
[debug] [2022-06-14T04:00:04.454Z] Node Version:  v18.2.0
[debug] [2022-06-14T04:00:04.461Z] Time:          Tue Jun 14 2022 11:00:04 GMT+0700 (Indochina Time)
[debug] [2022-06-14T04:00:04.462Z] ----------------------------------------------------------------------
[debug] 
[debug] [2022-06-14T04:00:04.791Z] > command requires scopes: ["email","openid","https://www.googleapis.com/auth/cloudplatformprojects.readonly","https://www.googleapis.com/auth/firebase","https://www.googleapis.com/auth/cloud-platform"]
[debug] [2022-06-14T04:00:04.793Z] > authorizing via signed-in user (nursukma2k17@gmail.com)
[info] 
     ######## #### ########  ######## ########     ###     ######  ########
     ##        ##  ##     ## ##       ##     ##  ##   ##  ##       ##
     ######    ##  ########  ######   ########  #########  ######  ######
     ##        ##  ##    ##  ##       ##     ## ##     ##       ## ##
     ##       #### ##     ## ######## ########  ##     ##  ######  ########

You're about to initialize a Firebase project in this directory:

  C:\Users\USER\OneDrive\Documents\Kuliah\Uang\projek-sederhana

Before we get started, keep in mind:

  * You are initializing within an existing Firebase project directory

